2022-08-02 09:31:32:3132 - [31merror[39m : [31mErro ao conectar com o banco de dados: logger_1.default.info is not a function[39m
2022-08-02 09:31:50:3150 - [31merror[39m : [31mErro ao conectar com o banco de dados: logger_1.default.info is not a function[39m
2022-08-02 09:33:56:3356 - [32minfo[39m : [32mConectado com sucesso ao banco de dados !![39m}
2022-08-02 09:33:56:3356 - [32minfo[39m : [32mConectado com sucesso na porta 3001[39m}
2022-08-02 09:34:16:3416 - [31merror[39m : [31mErro ao conectar com o banco de dados: logger_1.default.info is not a function[39m}
2022-08-02 09:34:30:3430 - [31merror[39m : [31mErro ao conectar com o banco de dados: logger_1.default.info is not a function[39m}
2022-08-02 09:34:44:3444 - [31merror[39m : [31mErro ao conectar com o banco de dados: logger_1.default.info is not a function[39m}
2022-08-02 09:34:56:3456 - [31merror[39m : [31mErro ao conectar com o banco de dados: logger_1.default.info is not a function[39m}
2022-08-02 09:35:11:3511 - [32minfo[39m : [32mConectado com sucesso ao banco de dados !![39m}
2022-08-02 09:35:11:3511 - [32minfo[39m : [32mConectado com sucesso na porta 3001[39m}
2022-08-02 09:35:21:3521 - [31merror[39m : [31mErro ao conectar com o banco de dados: logger_1.default.info is not a function[39m}
2022-08-02 09:35:53:3553 - [32minfo[39m : [32mConectado com sucesso ao banco de dados !![39m}
2022-08-02 09:35:53:3553 - [32minfo[39m : [32mConectado com sucesso na porta 3001[39m}
2022-08-02 09:36:38:3638 - [32minfo[39m : [32mConectado com sucesso ao banco de dados !![39m
2022-08-02 09:36:38:3638 - [32minfo[39m : [32mConectado com sucesso na porta 3001[39m
2022-08-02 09:37:13:3713 - [32minfo[39m : [32mConectado com sucesso ao banco de dados !![39m
2022-08-02 09:37:13:3713 - [32minfo[39m : [32mConectado com sucesso na porta 3001[39m
2022-08-02 09:38:47:3847 - [32minfo[39m : [32mConectado com sucesso ao banco de dados !![39m
2022-08-02 09:38:47:3847 - [32minfo[39m : [32mConectado com sucesso na porta 3001[39m
2022-08-02 09:49:35:4935 - [32minfo[39m : [32mConectado com sucesso ao banco de dados !![39m
2022-08-02 09:49:35:4935 - [32minfo[39m : [32mConectado com sucesso na porta 3001[39m
2022-08-02 09:49:40:4940 - [32minfo[39m : [32mConectado com sucesso ao banco de dados !![39m
2022-08-02 09:49:40:4940 - [32minfo[39m : [32mConectado com sucesso na porta 3001[39m
2022-08-02 09:49:46:4946 - [32minfo[39m : [32mConectado com sucesso ao banco de dados !![39m
2022-08-02 09:49:46:4946 - [32minfo[39m : [32mConectado com sucesso na porta 3001[39m
2022-08-02 09:50:07:507 - [32minfo[39m : [32mConectado com sucesso ao banco de dados !![39m
2022-08-02 09:50:07:507 - [32minfo[39m : [32mConectado com sucesso na porta 3001[39m
2022-08-02 09:50:11:5011 - [32minfo[39m : [32mConectado com sucesso ao banco de dados !![39m
2022-08-02 09:50:11:5011 - [32minfo[39m : [32mConectado com sucesso na porta 3001[39m
2022-08-02 09:52:31:5231 - [32minfo[39m : [32mConectado com sucesso ao banco de dados !![39m
2022-08-02 09:52:31:5231 - [32minfo[39m : [32mConectado com sucesso na porta 3001[39m
2022-08-02 09:52:36:5236 - [32minfo[39m : [32mConectado com sucesso ao banco de dados !![39m
2022-08-02 09:52:36:5236 - [32minfo[39m : [32mConectado com sucesso na porta 3001[39m
2022-08-02 09:52:39:5239 - [32minfo[39m : [32mConectado com sucesso ao banco de dados !![39m
2022-08-02 09:52:39:5239 - [32minfo[39m : [32mConectado com sucesso na porta 3001[39m
2022-08-02 09:53:27:5327 - [32minfo[39m : [32mConectado com sucesso ao banco de dados !![39m
2022-08-02 09:53:27:5327 - [32minfo[39m : [32mConectado com sucesso na porta 3001[39m
2022-08-02 09:53:55:5355 - [32minfo[39m : [32mConectado com sucesso ao banco de dados !![39m
2022-08-02 09:53:55:5355 - [32minfo[39m : [32mConectado com sucesso na porta 3001[39m
2022-08-02 09:54:05:545 - [32minfo[39m : [32mConectado com sucesso ao banco de dados !![39m
2022-08-02 09:54:05:545 - [32minfo[39m : [32mConectado com sucesso na porta 3001[39m
2022-08-02 09:54:13:5413 - [32minfo[39m : [32mConectado com sucesso ao banco de dados !![39m
2022-08-02 09:54:13:5413 - [32minfo[39m : [32mConectado com sucesso na porta 3001[39m
2022-08-02 09:54:17:5417 - [32minfo[39m : [32mConectado com sucesso ao banco de dados !![39m
2022-08-02 09:54:17:5417 - [32minfo[39m : [32mConectado com sucesso na porta 3001[39m
2022-08-02 09:54:52:5452 - [32minfo[39m : [32mConectado com sucesso ao banco de dados !![39m
2022-08-02 09:54:52:5452 - [32minfo[39m : [32mConectado com sucesso na porta 3001[39m
2022-08-02 09:55:43:5543 - [32minfo[39m : [32mConectado com sucesso ao banco de dados !![39m
2022-08-02 09:55:43:5543 - [32minfo[39m : [32mConectado com sucesso na porta 3001[39m
2022-08-02 10:00:43:043 - [32minfo[39m : [32mConectado com sucesso ao banco de dados !![39m
2022-08-02 10:00:43:043 - [32minfo[39m : [32mConectado com sucesso na porta 3001[39m
2022-08-02 10:01:26:126 - [32minfo[39m : [32mConectado com sucesso ao banco de dados !![39m
2022-08-02 10:01:26:126 - [32minfo[39m : [32mConectado com sucesso na porta 3001[39m
2022-08-02 10:01:36:136 - [32minfo[39m : [32mConectado com sucesso ao banco de dados !![39m
2022-08-02 10:01:36:136 - [32minfo[39m : [32mConectado com sucesso na porta 3001[39m
2022-08-02 10:01:42:142 - [32minfo[39m : [32mConectado com sucesso ao banco de dados !![39m
2022-08-02 10:01:42:142 - [32minfo[39m : [32mConectado com sucesso na porta 3001[39m
2022-08-02 10:04:40:440 - [32minfo[39m : [32mConectado com sucesso ao banco de dados !![39m
2022-08-02 10:04:41:441 - [32minfo[39m : [32mConectado com sucesso na porta 3001[39m
2022-08-02 10:05:00:50 - [32minfo[39m : [32mConectado com sucesso ao banco de dados !![39m
2022-08-02 10:05:00:50 - [32minfo[39m : [32mConectado com sucesso na porta 3001[39m
2022-08-02 10:05:27:527 - [32minfo[39m : [32mConectado com sucesso ao banco de dados !![39m
2022-08-02 10:05:27:527 - [32minfo[39m : [32mConectado com sucesso na porta 3001[39m
2022-08-02 10:05:33:533 - [32minfo[39m : [32mConectado com sucesso ao banco de dados !![39m
2022-08-02 10:05:33:533 - [32minfo[39m : [32mConectado com sucesso na porta 3001[39m
2022-08-02 10:05:38:538 - [32minfo[39m : [32mConectado com sucesso ao banco de dados !![39m
2022-08-02 10:05:38:538 - [32minfo[39m : [32mConectado com sucesso na porta 3001[39m
2022-08-02 10:05:50:550 - [32minfo[39m : [32mConectado com sucesso ao banco de dados !![39m
2022-08-02 10:05:50:550 - [32minfo[39m : [32mConectado com sucesso na porta 3001[39m
2022-08-02 10:06:21:621 - [31merror[39m : [31mErro ao buscar os fornecedores: Converting circular structure to JSON[39m
[31m    --> starting at object with constructor 'MongoClient'[39m
[31m    |     property 's' -> object with constructor 'Object'[39m
[31m    |     property 'sessionPool' -> object with constructor 'ServerSessionPool'[39m
[31m    --- property 'client' closes the circle[39m
2022-08-02 10:06:55:655 - [32minfo[39m : [32mConectado com sucesso ao banco de dados !![39m
2022-08-02 10:06:55:655 - [32minfo[39m : [32mConectado com sucesso na porta 3001[39m
